{"C:\\Users\\Ivaylo\\Desktop\\14.Workshop Advanced Techniques - Part 2\\games-play\\src\\App.js": {"path":"C:\\Users\\Ivaylo\\Desktop\\14.Workshop Advanced Techniques - Part 2\\games-play\\src\\App.js","statementMap":{"0":{"start":{"line":20,"column":4},"end":{"line":56,"column":6}}},"fnMap":{"0":{"name":"App","decl":{"start":{"line":19,"column":9},"end":{"line":19,"column":12}},"loc":{"start":{"line":19,"column":15},"end":{"line":57,"column":1}},"line":19}},"branchMap":{},"s":{"0":0},"f":{"0":0},"b":{}}
,"C:\\Users\\Ivaylo\\Desktop\\14.Workshop Advanced Techniques - Part 2\\games-play\\src\\Resource.js": {"path":"C:\\Users\\Ivaylo\\Desktop\\14.Workshop Advanced Techniques - Part 2\\games-play\\src\\Resource.js","statementMap":{"0":{"start":{"line":3,"column":4},"end":{"line":11,"column":6}}},"fnMap":{"0":{"name":"App","decl":{"start":{"line":2,"column":9},"end":{"line":2,"column":12}},"loc":{"start":{"line":2,"column":15},"end":{"line":12,"column":3}},"line":2}},"branchMap":{},"s":{"0":0},"f":{"0":0},"b":{}}
,"C:\\Users\\Ivaylo\\Desktop\\14.Workshop Advanced Techniques - Part 2\\games-play\\src\\index.js": {"path":"C:\\Users\\Ivaylo\\Desktop\\14.Workshop Advanced Techniques - Part 2\\games-play\\src\\index.js","statementMap":{"0":{"start":{"line":7,"column":13},"end":{"line":7,"column":65}},"1":{"start":{"line":8,"column":0},"end":{"line":12,"column":2}},"2":{"start":{"line":17,"column":0},"end":{"line":17,"column":18}}},"fnMap":{},"branchMap":{},"s":{"0":0,"1":0,"2":0},"f":{},"b":{}}
,"C:\\Users\\Ivaylo\\Desktop\\14.Workshop Advanced Techniques - Part 2\\games-play\\src\\components\\Catalog\\Catalog.js": {"path":"C:\\Users\\Ivaylo\\Desktop\\14.Workshop Advanced Techniques - Part 2\\games-play\\src\\components\\Catalog\\Catalog.js","statementMap":{"0":{"start":{"line":5,"column":23},"end":{"line":21,"column":1}},"1":{"start":{"line":6,"column":22},"end":{"line":6,"column":38}},"2":{"start":{"line":8,"column":4},"end":{"line":20,"column":6}},"3":{"start":{"line":13,"column":16},"end":{"line":13,"column":50}}},"fnMap":{"0":{"name":"(anonymous_0)","decl":{"start":{"line":5,"column":23},"end":{"line":5,"column":24}},"loc":{"start":{"line":5,"column":29},"end":{"line":21,"column":1}},"line":5},"1":{"name":"(anonymous_1)","decl":{"start":{"line":12,"column":23},"end":{"line":12,"column":24}},"loc":{"start":{"line":13,"column":16},"end":{"line":13,"column":50}},"line":13}},"branchMap":{"0":{"loc":{"start":{"line":16,"column":13},"end":{"line":18,"column":13}},"type":"binary-expr","locations":[{"start":{"line":16,"column":13},"end":{"line":16,"column":31}},{"start":{"line":17,"column":16},"end":{"line":17,"column":64}}],"line":16}},"s":{"0":0,"1":0,"2":0,"3":0},"f":{"0":0,"1":0},"b":{"0":[0,0]}}
,"C:\\Users\\Ivaylo\\Desktop\\14.Workshop Advanced Techniques - Part 2\\games-play\\src\\components\\Catalog\\CatalogItem\\CatalogItem.js": {"path":"C:\\Users\\Ivaylo\\Desktop\\14.Workshop Advanced Techniques - Part 2\\games-play\\src\\components\\Catalog\\CatalogItem\\CatalogItem.js","statementMap":{"0":{"start":{"line":3,"column":27},"end":{"line":19,"column":1}},"1":{"start":{"line":9,"column":4},"end":{"line":18,"column":6}}},"fnMap":{"0":{"name":"(anonymous_0)","decl":{"start":{"line":3,"column":27},"end":{"line":3,"column":28}},"loc":{"start":{"line":8,"column":6},"end":{"line":19,"column":1}},"line":8}},"branchMap":{},"s":{"0":0,"1":0},"f":{"0":0},"b":{}}
,"C:\\Users\\Ivaylo\\Desktop\\14.Workshop Advanced Techniques - Part 2\\games-play\\src\\components\\CreateGame\\CreateGame.js": {"path":"C:\\Users\\Ivaylo\\Desktop\\14.Workshop Advanced Techniques - Part 2\\games-play\\src\\components\\CreateGame\\CreateGame.js","statementMap":{"0":{"start":{"line":4,"column":26},"end":{"line":39,"column":1}},"1":{"start":{"line":5,"column":33},"end":{"line":5,"column":49}},"2":{"start":{"line":6,"column":48},"end":{"line":12,"column":26}},"3":{"start":{"line":14,"column":4},"end":{"line":38,"column":6}}},"fnMap":{"0":{"name":"(anonymous_0)","decl":{"start":{"line":4,"column":26},"end":{"line":4,"column":27}},"loc":{"start":{"line":4,"column":32},"end":{"line":39,"column":1}},"line":4}},"branchMap":{},"s":{"0":0,"1":0,"2":0,"3":0},"f":{"0":0},"b":{}}
,"C:\\Users\\Ivaylo\\Desktop\\14.Workshop Advanced Techniques - Part 2\\games-play\\src\\components\\EditGame\\EditGame.js": {"path":"C:\\Users\\Ivaylo\\Desktop\\14.Workshop Advanced Techniques - Part 2\\games-play\\src\\components\\EditGame\\EditGame.js","statementMap":{"0":{"start":{"line":9,"column":24},"end":{"line":80,"column":1}},"1":{"start":{"line":10,"column":33},"end":{"line":10,"column":49}},"2":{"start":{"line":11,"column":23},"end":{"line":11,"column":34}},"3":{"start":{"line":12,"column":24},"end":{"line":12,"column":54}},"4":{"start":{"line":13,"column":62},"end":{"line":20,"column":24}},"5":{"start":{"line":22,"column":4},"end":{"line":27,"column":17}},"6":{"start":{"line":23,"column":8},"end":{"line":26,"column":15}},"7":{"start":{"line":25,"column":16},"end":{"line":25,"column":37}},"8":{"start":{"line":29,"column":4},"end":{"line":79,"column":6}}},"fnMap":{"0":{"name":"(anonymous_0)","decl":{"start":{"line":9,"column":24},"end":{"line":9,"column":25}},"loc":{"start":{"line":9,"column":30},"end":{"line":80,"column":1}},"line":9},"1":{"name":"(anonymous_1)","decl":{"start":{"line":22,"column":14},"end":{"line":22,"column":15}},"loc":{"start":{"line":22,"column":20},"end":{"line":27,"column":5}},"line":22},"2":{"name":"(anonymous_2)","decl":{"start":{"line":24,"column":18},"end":{"line":24,"column":19}},"loc":{"start":{"line":24,"column":28},"end":{"line":26,"column":13}},"line":24}},"branchMap":{},"s":{"0":0,"1":0,"2":0,"3":0,"4":0,"5":0,"6":0,"7":0,"8":0},"f":{"0":0,"1":0,"2":0},"b":{}}
,"C:\\Users\\Ivaylo\\Desktop\\14.Workshop Advanced Techniques - Part 2\\games-play\\src\\components\\Footer\\Footer.js": {"path":"C:\\Users\\Ivaylo\\Desktop\\14.Workshop Advanced Techniques - Part 2\\games-play\\src\\components\\Footer\\Footer.js","statementMap":{"0":{"start":{"line":1,"column":22},"end":{"line":5,"column":1}},"1":{"start":{"line":2,"column":4},"end":{"line":4,"column":6}}},"fnMap":{"0":{"name":"(anonymous_0)","decl":{"start":{"line":1,"column":22},"end":{"line":1,"column":23}},"loc":{"start":{"line":1,"column":28},"end":{"line":5,"column":1}},"line":1}},"branchMap":{},"s":{"0":0,"1":0},"f":{"0":0},"b":{}}
,"C:\\Users\\Ivaylo\\Desktop\\14.Workshop Advanced Techniques - Part 2\\games-play\\src\\components\\GameDetails\\GameDetails.js": {"path":"C:\\Users\\Ivaylo\\Desktop\\14.Workshop Advanced Techniques - Part 2\\games-play\\src\\components\\GameDetails\\GameDetails.js","statementMap":{"0":{"start":{"line":13,"column":27},"end":{"line":100,"column":1}},"1":{"start":{"line":14,"column":23},"end":{"line":14,"column":34}},"2":{"start":{"line":15,"column":51},"end":{"line":15,"column":67}},"3":{"start":{"line":16,"column":27},"end":{"line":16,"column":43}},"4":{"start":{"line":17,"column":29},"end":{"line":17,"column":56}},"5":{"start":{"line":18,"column":24},"end":{"line":18,"column":54}},"6":{"start":{"line":19,"column":21},"end":{"line":19,"column":34}},"7":{"start":{"line":21,"column":4},"end":{"line":33,"column":17}},"8":{"start":{"line":22,"column":8},"end":{"line":32,"column":11}},"9":{"start":{"line":26,"column":30},"end":{"line":29,"column":13}},"10":{"start":{"line":31,"column":12},"end":{"line":31,"column":62}},"11":{"start":{"line":35,"column":28},"end":{"line":43,"column":5}},"12":{"start":{"line":36,"column":25},"end":{"line":36,"column":76}},"13":{"start":{"line":38,"column":8},"end":{"line":42,"column":11}},"14":{"start":{"line":45,"column":20},"end":{"line":45,"column":44}},"15":{"start":{"line":47,"column":26},"end":{"line":58,"column":5}},"16":{"start":{"line":49,"column":23},"end":{"line":49,"column":79}},"17":{"start":{"line":51,"column":8},"end":{"line":57,"column":9}},"18":{"start":{"line":52,"column":12},"end":{"line":52,"column":47}},"19":{"start":{"line":54,"column":12},"end":{"line":54,"column":33}},"20":{"start":{"line":56,"column":12},"end":{"line":56,"column":33}},"21":{"start":{"line":60,"column":4},"end":{"line":99,"column":6}},"22":{"start":{"line":78,"column":28},"end":{"line":80,"column":33}}},"fnMap":{"0":{"name":"(anonymous_0)","decl":{"start":{"line":13,"column":27},"end":{"line":13,"column":28}},"loc":{"start":{"line":13,"column":33},"end":{"line":100,"column":1}},"line":13},"1":{"name":"(anonymous_1)","decl":{"start":{"line":21,"column":14},"end":{"line":21,"column":15}},"loc":{"start":{"line":21,"column":20},"end":{"line":33,"column":5}},"line":21},"2":{"name":"(anonymous_2)","decl":{"start":{"line":25,"column":16},"end":{"line":25,"column":17}},"loc":{"start":{"line":25,"column":42},"end":{"line":32,"column":9}},"line":25},"3":{"name":"(anonymous_3)","decl":{"start":{"line":35,"column":28},"end":{"line":35,"column":29}},"loc":{"start":{"line":35,"column":46},"end":{"line":43,"column":5}},"line":35},"4":{"name":"(anonymous_4)","decl":{"start":{"line":47,"column":26},"end":{"line":47,"column":27}},"loc":{"start":{"line":47,"column":38},"end":{"line":58,"column":5}},"line":47},"5":{"name":"(anonymous_5)","decl":{"start":{"line":77,"column":60},"end":{"line":77,"column":61}},"loc":{"start":{"line":78,"column":28},"end":{"line":80,"column":33}},"line":78}},"branchMap":{"0":{"loc":{"start":{"line":51,"column":8},"end":{"line":57,"column":9}},"type":"if","locations":[{"start":{"line":51,"column":8},"end":{"line":57,"column":9}},{"start":{},"end":{}}],"line":51},"1":{"loc":{"start":{"line":77,"column":25},"end":{"line":81,"column":26}},"type":"binary-expr","locations":[{"start":{"line":77,"column":25},"end":{"line":77,"column":38}},{"start":{"line":77,"column":42},"end":{"line":81,"column":26}}],"line":77},"2":{"loc":{"start":{"line":84,"column":21},"end":{"line":86,"column":21}},"type":"binary-expr","locations":[{"start":{"line":84,"column":21},"end":{"line":84,"column":43}},{"start":{"line":85,"column":24},"end":{"line":85,"column":66}}],"line":84},"3":{"loc":{"start":{"line":89,"column":17},"end":{"line":94,"column":17}},"type":"binary-expr","locations":[{"start":{"line":89,"column":17},"end":{"line":89,"column":24}},{"start":{"line":90,"column":20},"end":{"line":93,"column":26}}],"line":89},"4":{"loc":{"start":{"line":97,"column":13},"end":{"line":97,"column":80}},"type":"binary-expr","locations":[{"start":{"line":97,"column":13},"end":{"line":97,"column":28}},{"start":{"line":97,"column":32},"end":{"line":97,"column":80}}],"line":97}},"s":{"0":0,"1":0,"2":0,"3":0,"4":0,"5":0,"6":0,"7":0,"8":0,"9":0,"10":0,"11":0,"12":0,"13":0,"14":0,"15":0,"16":0,"17":0,"18":0,"19":0,"20":0,"21":0,"22":0},"f":{"0":0,"1":0,"2":0,"3":0,"4":0,"5":0},"b":{"0":[0,0],"1":[0,0],"2":[0,0],"3":[0,0],"4":[0,0]}}
,"C:\\Users\\Ivaylo\\Desktop\\14.Workshop Advanced Techniques - Part 2\\games-play\\src\\components\\GameDetails\\AddComment\\AddComment.js": {"path":"C:\\Users\\Ivaylo\\Desktop\\14.Workshop Advanced Techniques - Part 2\\games-play\\src\\components\\GameDetails\\AddComment\\AddComment.js","statementMap":{"0":{"start":{"line":3,"column":26},"end":{"line":19,"column":1}},"1":{"start":{"line":6,"column":48},"end":{"line":8,"column":23}},"2":{"start":{"line":10,"column":4},"end":{"line":18,"column":6}}},"fnMap":{"0":{"name":"(anonymous_0)","decl":{"start":{"line":3,"column":26},"end":{"line":3,"column":27}},"loc":{"start":{"line":5,"column":6},"end":{"line":19,"column":1}},"line":5}},"branchMap":{},"s":{"0":0,"1":0,"2":0},"f":{"0":0},"b":{}}
,"C:\\Users\\Ivaylo\\Desktop\\14.Workshop Advanced Techniques - Part 2\\games-play\\src\\components\\Header\\Header.js": {"path":"C:\\Users\\Ivaylo\\Desktop\\14.Workshop Advanced Techniques - Part 2\\games-play\\src\\components\\Header\\Header.js","statementMap":{"0":{"start":{"line":6,"column":22},"end":{"line":31,"column":1}},"1":{"start":{"line":7,"column":43},"end":{"line":7,"column":66}},"2":{"start":{"line":9,"column":4},"end":{"line":30,"column":6}}},"fnMap":{"0":{"name":"(anonymous_0)","decl":{"start":{"line":6,"column":22},"end":{"line":6,"column":23}},"loc":{"start":{"line":6,"column":28},"end":{"line":31,"column":1}},"line":6}},"branchMap":{"0":{"loc":{"start":{"line":14,"column":17},"end":{"line":20,"column":17}},"type":"binary-expr","locations":[{"start":{"line":14,"column":17},"end":{"line":14,"column":32}},{"start":{"line":15,"column":20},"end":{"line":19,"column":26}}],"line":14},"1":{"loc":{"start":{"line":22,"column":17},"end":{"line":27,"column":17}},"type":"binary-expr","locations":[{"start":{"line":22,"column":17},"end":{"line":22,"column":33}},{"start":{"line":23,"column":20},"end":{"line":26,"column":26}}],"line":22}},"s":{"0":0,"1":0,"2":0},"f":{"0":0},"b":{"0":[0,0],"1":[0,0]}}
,"C:\\Users\\Ivaylo\\Desktop\\14.Workshop Advanced Techniques - Part 2\\games-play\\src\\components\\Header\\index.js": {"path":"C:\\Users\\Ivaylo\\Desktop\\14.Workshop Advanced Techniques - Part 2\\games-play\\src\\components\\Header\\index.js","statementMap":{},"fnMap":{},"branchMap":{},"s":{},"f":{},"b":{}}
,"C:\\Users\\Ivaylo\\Desktop\\14.Workshop Advanced Techniques - Part 2\\games-play\\src\\components\\Home\\Home.js": {"path":"C:\\Users\\Ivaylo\\Desktop\\14.Workshop Advanced Techniques - Part 2\\games-play\\src\\components\\Home\\Home.js","statementMap":{"0":{"start":{"line":1,"column":20},"end":{"line":57,"column":1}},"1":{"start":{"line":2,"column":4},"end":{"line":56,"column":6}}},"fnMap":{"0":{"name":"(anonymous_0)","decl":{"start":{"line":1,"column":20},"end":{"line":1,"column":21}},"loc":{"start":{"line":1,"column":26},"end":{"line":57,"column":1}},"line":1}},"branchMap":{},"s":{"0":0,"1":0},"f":{"0":0},"b":{}}
,"C:\\Users\\Ivaylo\\Desktop\\14.Workshop Advanced Techniques - Part 2\\games-play\\src\\components\\Login\\Login.js": {"path":"C:\\Users\\Ivaylo\\Desktop\\14.Workshop Advanced Techniques - Part 2\\games-play\\src\\components\\Login\\Login.js","statementMap":{"0":{"start":{"line":6,"column":22},"end":{"line":9,"column":1}},"1":{"start":{"line":11,"column":21},"end":{"line":53,"column":1}},"2":{"start":{"line":15,"column":30},"end":{"line":15,"column":46}},"3":{"start":{"line":16,"column":48},"end":{"line":19,"column":21}},"4":{"start":{"line":21,"column":4},"end":{"line":52,"column":6}}},"fnMap":{"0":{"name":"(anonymous_0)","decl":{"start":{"line":11,"column":21},"end":{"line":11,"column":22}},"loc":{"start":{"line":13,"column":6},"end":{"line":53,"column":1}},"line":13}},"branchMap":{},"s":{"0":0,"1":0,"2":0,"3":0,"4":0},"f":{"0":0},"b":{}}
,"C:\\Users\\Ivaylo\\Desktop\\14.Workshop Advanced Techniques - Part 2\\games-play\\src\\components\\Logout\\Logout.js": {"path":"C:\\Users\\Ivaylo\\Desktop\\14.Workshop Advanced Techniques - Part 2\\games-play\\src\\components\\Logout\\Logout.js","statementMap":{"0":{"start":{"line":6,"column":22},"end":{"line":14,"column":1}},"1":{"start":{"line":7,"column":25},"end":{"line":7,"column":48}},"2":{"start":{"line":9,"column":4},"end":{"line":11,"column":19}},"3":{"start":{"line":10,"column":8},"end":{"line":10,"column":19}},"4":{"start":{"line":13,"column":4},"end":{"line":13,"column":30}}},"fnMap":{"0":{"name":"(anonymous_0)","decl":{"start":{"line":6,"column":22},"end":{"line":6,"column":23}},"loc":{"start":{"line":6,"column":28},"end":{"line":14,"column":1}},"line":6},"1":{"name":"(anonymous_1)","decl":{"start":{"line":9,"column":14},"end":{"line":9,"column":15}},"loc":{"start":{"line":9,"column":20},"end":{"line":11,"column":5}},"line":9}},"branchMap":{},"s":{"0":0,"1":0,"2":0,"3":0,"4":0},"f":{"0":0,"1":0},"b":{}}
,"C:\\Users\\Ivaylo\\Desktop\\14.Workshop Advanced Techniques - Part 2\\games-play\\src\\components\\Register\\Register.js": {"path":"C:\\Users\\Ivaylo\\Desktop\\14.Workshop Advanced Techniques - Part 2\\games-play\\src\\components\\Register\\Register.js","statementMap":{"0":{"start":{"line":7,"column":24},"end":{"line":60,"column":1}},"1":{"start":{"line":8,"column":33},"end":{"line":8,"column":56}},"2":{"start":{"line":9,"column":48},"end":{"line":13,"column":24}},"3":{"start":{"line":15,"column":4},"end":{"line":59,"column":6}}},"fnMap":{"0":{"name":"(anonymous_0)","decl":{"start":{"line":7,"column":24},"end":{"line":7,"column":25}},"loc":{"start":{"line":7,"column":30},"end":{"line":60,"column":1}},"line":7}},"branchMap":{},"s":{"0":0,"1":0,"2":0,"3":0},"f":{"0":0},"b":{}}
,"C:\\Users\\Ivaylo\\Desktop\\14.Workshop Advanced Techniques - Part 2\\games-play\\src\\components\\common\\GameOwner.js": {"path":"C:\\Users\\Ivaylo\\Desktop\\14.Workshop Advanced Techniques - Part 2\\games-play\\src\\components\\common\\GameOwner.js","statementMap":{"0":{"start":{"line":6,"column":25},"end":{"line":20,"column":1}},"1":{"start":{"line":9,"column":23},"end":{"line":9,"column":34}},"2":{"start":{"line":10,"column":24},"end":{"line":10,"column":40}},"3":{"start":{"line":11,"column":23},"end":{"line":11,"column":39}},"4":{"start":{"line":13,"column":24},"end":{"line":13,"column":39}},"5":{"start":{"line":15,"column":4},"end":{"line":17,"column":5}},"6":{"start":{"line":16,"column":8},"end":{"line":16,"column":61}},"7":{"start":{"line":19,"column":4},"end":{"line":19,"column":43}}},"fnMap":{"0":{"name":"(anonymous_0)","decl":{"start":{"line":6,"column":25},"end":{"line":6,"column":26}},"loc":{"start":{"line":8,"column":6},"end":{"line":20,"column":1}},"line":8}},"branchMap":{"0":{"loc":{"start":{"line":15,"column":4},"end":{"line":17,"column":5}},"type":"if","locations":[{"start":{"line":15,"column":4},"end":{"line":17,"column":5}},{"start":{},"end":{}}],"line":15},"1":{"loc":{"start":{"line":15,"column":8},"end":{"line":15,"column":54}},"type":"binary-expr","locations":[{"start":{"line":15,"column":8},"end":{"line":15,"column":19}},{"start":{"line":15,"column":23},"end":{"line":15,"column":54}}],"line":15},"2":{"loc":{"start":{"line":19,"column":11},"end":{"line":19,"column":43}},"type":"cond-expr","locations":[{"start":{"line":19,"column":22},"end":{"line":19,"column":30}},{"start":{"line":19,"column":33},"end":{"line":19,"column":43}}],"line":19}},"s":{"0":0,"1":0,"2":0,"3":0,"4":0,"5":0,"6":0,"7":0},"f":{"0":0},"b":{"0":[0,0],"1":[0,0],"2":[0,0]}}
,"C:\\Users\\Ivaylo\\Desktop\\14.Workshop Advanced Techniques - Part 2\\games-play\\src\\components\\common\\RouteGuard.js": {"path":"C:\\Users\\Ivaylo\\Desktop\\14.Workshop Advanced Techniques - Part 2\\games-play\\src\\components\\common\\RouteGuard.js","statementMap":{"0":{"start":{"line":5,"column":26},"end":{"line":15,"column":1}},"1":{"start":{"line":8,"column":32},"end":{"line":8,"column":48}},"2":{"start":{"line":10,"column":4},"end":{"line":12,"column":5}},"3":{"start":{"line":11,"column":8},"end":{"line":11,"column":40}},"4":{"start":{"line":14,"column":4},"end":{"line":14,"column":43}}},"fnMap":{"0":{"name":"(anonymous_0)","decl":{"start":{"line":5,"column":26},"end":{"line":5,"column":27}},"loc":{"start":{"line":7,"column":6},"end":{"line":15,"column":1}},"line":7}},"branchMap":{"0":{"loc":{"start":{"line":10,"column":4},"end":{"line":12,"column":5}},"type":"if","locations":[{"start":{"line":10,"column":4},"end":{"line":12,"column":5}},{"start":{},"end":{}}],"line":10},"1":{"loc":{"start":{"line":14,"column":11},"end":{"line":14,"column":43}},"type":"cond-expr","locations":[{"start":{"line":14,"column":22},"end":{"line":14,"column":30}},{"start":{"line":14,"column":33},"end":{"line":14,"column":43}}],"line":14}},"s":{"0":0,"1":0,"2":0,"3":0,"4":0},"f":{"0":0},"b":{"0":[0,0],"1":[0,0]}}
,"C:\\Users\\Ivaylo\\Desktop\\14.Workshop Advanced Techniques - Part 2\\games-play\\src\\contexts\\AuthContext.js": {"path":"C:\\Users\\Ivaylo\\Desktop\\14.Workshop Advanced Techniques - Part 2\\games-play\\src\\contexts\\AuthContext.js","statementMap":{"0":{"start":{"line":7,"column":27},"end":{"line":7,"column":42}},"1":{"start":{"line":9,"column":28},"end":{"line":69,"column":1}},"2":{"start":{"line":12,"column":28},"end":{"line":12,"column":55}},"3":{"start":{"line":13,"column":21},"end":{"line":13,"column":34}},"4":{"start":{"line":15,"column":24},"end":{"line":15,"column":60}},"5":{"start":{"line":17,"column":26},"end":{"line":27,"column":5}},"6":{"start":{"line":18,"column":8},"end":{"line":26,"column":9}},"7":{"start":{"line":19,"column":27},"end":{"line":19,"column":56}},"8":{"start":{"line":21,"column":12},"end":{"line":21,"column":28}},"9":{"start":{"line":23,"column":12},"end":{"line":23,"column":33}},"10":{"start":{"line":25,"column":12},"end":{"line":25,"column":46}},"11":{"start":{"line":29,"column":29},"end":{"line":44,"column":5}},"12":{"start":{"line":30,"column":53},"end":{"line":30,"column":59}},"13":{"start":{"line":31,"column":8},"end":{"line":33,"column":9}},"14":{"start":{"line":32,"column":12},"end":{"line":32,"column":19}},"15":{"start":{"line":35,"column":8},"end":{"line":43,"column":9}},"16":{"start":{"line":36,"column":27},"end":{"line":36,"column":67}},"17":{"start":{"line":38,"column":12},"end":{"line":38,"column":28}},"18":{"start":{"line":40,"column":12},"end":{"line":40,"column":33}},"19":{"start":{"line":42,"column":12},"end":{"line":42,"column":46}},"20":{"start":{"line":46,"column":21},"end":{"line":50,"column":5}},"21":{"start":{"line":47,"column":8},"end":{"line":47,"column":35}},"22":{"start":{"line":49,"column":8},"end":{"line":49,"column":20}},"23":{"start":{"line":52,"column":26},"end":{"line":60,"column":5}},"24":{"start":{"line":62,"column":4},"end":{"line":68,"column":6}},"25":{"start":{"line":71,"column":30},"end":{"line":75,"column":1}},"26":{"start":{"line":72,"column":20},"end":{"line":72,"column":43}},"27":{"start":{"line":74,"column":4},"end":{"line":74,"column":19}}},"fnMap":{"0":{"name":"(anonymous_0)","decl":{"start":{"line":9,"column":28},"end":{"line":9,"column":29}},"loc":{"start":{"line":11,"column":6},"end":{"line":69,"column":1}},"line":11},"1":{"name":"(anonymous_1)","decl":{"start":{"line":17,"column":26},"end":{"line":17,"column":27}},"loc":{"start":{"line":17,"column":42},"end":{"line":27,"column":5}},"line":17},"2":{"name":"(anonymous_2)","decl":{"start":{"line":29,"column":29},"end":{"line":29,"column":30}},"loc":{"start":{"line":29,"column":47},"end":{"line":44,"column":5}},"line":29},"3":{"name":"(anonymous_3)","decl":{"start":{"line":46,"column":21},"end":{"line":46,"column":22}},"loc":{"start":{"line":46,"column":33},"end":{"line":50,"column":5}},"line":46},"4":{"name":"(anonymous_4)","decl":{"start":{"line":71,"column":30},"end":{"line":71,"column":31}},"loc":{"start":{"line":71,"column":36},"end":{"line":75,"column":1}},"line":71}},"branchMap":{"0":{"loc":{"start":{"line":31,"column":8},"end":{"line":33,"column":9}},"type":"if","locations":[{"start":{"line":31,"column":8},"end":{"line":33,"column":9}},{"start":{},"end":{}}],"line":31}},"s":{"0":0,"1":0,"2":0,"3":0,"4":0,"5":0,"6":0,"7":0,"8":0,"9":0,"10":0,"11":0,"12":0,"13":0,"14":0,"15":0,"16":0,"17":0,"18":0,"19":0,"20":0,"21":0,"22":0,"23":0,"24":0,"25":0,"26":0,"27":0},"f":{"0":0,"1":0,"2":0,"3":0,"4":0},"b":{"0":[0,0]}}
,"C:\\Users\\Ivaylo\\Desktop\\14.Workshop Advanced Techniques - Part 2\\games-play\\src\\contexts\\GameContext.js": {"path":"C:\\Users\\Ivaylo\\Desktop\\14.Workshop Advanced Techniques - Part 2\\games-play\\src\\contexts\\GameContext.js","statementMap":{"0":{"start":{"line":6,"column":27},"end":{"line":6,"column":42}},"1":{"start":{"line":8,"column":28},"end":{"line":59,"column":1}},"2":{"start":{"line":11,"column":21},"end":{"line":11,"column":34}},"3":{"start":{"line":12,"column":30},"end":{"line":12,"column":42}},"4":{"start":{"line":13,"column":24},"end":{"line":13,"column":44}},"5":{"start":{"line":15,"column":4},"end":{"line":20,"column":11}},"6":{"start":{"line":16,"column":8},"end":{"line":19,"column":14}},"7":{"start":{"line":18,"column":16},"end":{"line":18,"column":32}},"8":{"start":{"line":22,"column":31},"end":{"line":28,"column":5}},"9":{"start":{"line":23,"column":24},"end":{"line":23,"column":54}},"10":{"start":{"line":25,"column":8},"end":{"line":25,"column":47}},"11":{"start":{"line":25,"column":26},"end":{"line":25,"column":45}},"12":{"start":{"line":27,"column":8},"end":{"line":27,"column":29}},"13":{"start":{"line":30,"column":29},"end":{"line":36,"column":5}},"14":{"start":{"line":31,"column":23},"end":{"line":31,"column":65}},"15":{"start":{"line":33,"column":8},"end":{"line":33,"column":76}},"16":{"start":{"line":33,"column":26},"end":{"line":33,"column":75}},"17":{"start":{"line":33,"column":41},"end":{"line":33,"column":74}},"18":{"start":{"line":35,"column":8},"end":{"line":35,"column":43}},"19":{"start":{"line":38,"column":23},"end":{"line":40,"column":5}},"20":{"start":{"line":39,"column":8},"end":{"line":39,"column":69}},"21":{"start":{"line":39,"column":26},"end":{"line":39,"column":67}},"22":{"start":{"line":39,"column":47},"end":{"line":39,"column":66}},"23":{"start":{"line":42,"column":20},"end":{"line":44,"column":5}},"24":{"start":{"line":43,"column":8},"end":{"line":43,"column":55}},"25":{"start":{"line":43,"column":34},"end":{"line":43,"column":53}},"26":{"start":{"line":46,"column":26},"end":{"line":52,"column":5}},"27":{"start":{"line":54,"column":4},"end":{"line":58,"column":6}},"28":{"start":{"line":61,"column":30},"end":{"line":65,"column":1}},"29":{"start":{"line":62,"column":20},"end":{"line":62,"column":43}},"30":{"start":{"line":64,"column":4},"end":{"line":64,"column":19}}},"fnMap":{"0":{"name":"(anonymous_0)","decl":{"start":{"line":8,"column":28},"end":{"line":8,"column":29}},"loc":{"start":{"line":10,"column":6},"end":{"line":59,"column":1}},"line":10},"1":{"name":"(anonymous_1)","decl":{"start":{"line":15,"column":14},"end":{"line":15,"column":15}},"loc":{"start":{"line":15,"column":20},"end":{"line":20,"column":5}},"line":15},"2":{"name":"(anonymous_2)","decl":{"start":{"line":17,"column":18},"end":{"line":17,"column":19}},"loc":{"start":{"line":17,"column":28},"end":{"line":19,"column":13}},"line":17},"3":{"name":"(anonymous_3)","decl":{"start":{"line":22,"column":31},"end":{"line":22,"column":32}},"loc":{"start":{"line":22,"column":47},"end":{"line":28,"column":5}},"line":22},"4":{"name":"(anonymous_4)","decl":{"start":{"line":25,"column":17},"end":{"line":25,"column":18}},"loc":{"start":{"line":25,"column":26},"end":{"line":25,"column":45}},"line":25},"5":{"name":"(anonymous_5)","decl":{"start":{"line":30,"column":29},"end":{"line":30,"column":30}},"loc":{"start":{"line":30,"column":47},"end":{"line":36,"column":5}},"line":30},"6":{"name":"(anonymous_6)","decl":{"start":{"line":33,"column":17},"end":{"line":33,"column":18}},"loc":{"start":{"line":33,"column":26},"end":{"line":33,"column":75}},"line":33},"7":{"name":"(anonymous_7)","decl":{"start":{"line":33,"column":36},"end":{"line":33,"column":37}},"loc":{"start":{"line":33,"column":41},"end":{"line":33,"column":74}},"line":33},"8":{"name":"(anonymous_8)","decl":{"start":{"line":38,"column":23},"end":{"line":38,"column":24}},"loc":{"start":{"line":38,"column":35},"end":{"line":40,"column":5}},"line":38},"9":{"name":"(anonymous_9)","decl":{"start":{"line":39,"column":17},"end":{"line":39,"column":18}},"loc":{"start":{"line":39,"column":26},"end":{"line":39,"column":67}},"line":39},"10":{"name":"(anonymous_10)","decl":{"start":{"line":39,"column":39},"end":{"line":39,"column":40}},"loc":{"start":{"line":39,"column":47},"end":{"line":39,"column":66}},"line":39},"11":{"name":"(anonymous_11)","decl":{"start":{"line":42,"column":20},"end":{"line":42,"column":21}},"loc":{"start":{"line":42,"column":32},"end":{"line":44,"column":5}},"line":42},"12":{"name":"(anonymous_12)","decl":{"start":{"line":43,"column":26},"end":{"line":43,"column":27}},"loc":{"start":{"line":43,"column":34},"end":{"line":43,"column":53}},"line":43},"13":{"name":"(anonymous_13)","decl":{"start":{"line":61,"column":30},"end":{"line":61,"column":31}},"loc":{"start":{"line":61,"column":36},"end":{"line":65,"column":1}},"line":61}},"branchMap":{"0":{"loc":{"start":{"line":33,"column":41},"end":{"line":33,"column":74}},"type":"cond-expr","locations":[{"start":{"line":33,"column":64},"end":{"line":33,"column":70}},{"start":{"line":33,"column":73},"end":{"line":33,"column":74}}],"line":33}},"s":{"0":0,"1":0,"2":0,"3":0,"4":0,"5":0,"6":0,"7":0,"8":0,"9":0,"10":0,"11":0,"12":0,"13":0,"14":0,"15":0,"16":0,"17":0,"18":0,"19":0,"20":0,"21":0,"22":0,"23":0,"24":0,"25":0,"26":0,"27":0,"28":0,"29":0,"30":0},"f":{"0":0,"1":0,"2":0,"3":0,"4":0,"5":0,"6":0,"7":0,"8":0,"9":0,"10":0,"11":0,"12":0,"13":0},"b":{"0":[0,0]}}
,"C:\\Users\\Ivaylo\\Desktop\\14.Workshop Advanced Techniques - Part 2\\games-play\\src\\hoc\\withAuth.js": {"path":"C:\\Users\\Ivaylo\\Desktop\\14.Workshop Advanced Techniques - Part 2\\games-play\\src\\hoc\\withAuth.js","statementMap":{"0":{"start":{"line":4,"column":24},"end":{"line":14,"column":1}},"1":{"start":{"line":5,"column":29},"end":{"line":11,"column":5}},"2":{"start":{"line":6,"column":28},"end":{"line":6,"column":44}},"3":{"start":{"line":8,"column":8},"end":{"line":10,"column":10}},"4":{"start":{"line":13,"column":4},"end":{"line":13,"column":28}}},"fnMap":{"0":{"name":"(anonymous_0)","decl":{"start":{"line":4,"column":24},"end":{"line":4,"column":25}},"loc":{"start":{"line":4,"column":39},"end":{"line":14,"column":1}},"line":4},"1":{"name":"(anonymous_1)","decl":{"start":{"line":5,"column":29},"end":{"line":5,"column":30}},"loc":{"start":{"line":5,"column":40},"end":{"line":11,"column":5}},"line":5}},"branchMap":{},"s":{"0":0,"1":0,"2":0,"3":0,"4":0},"f":{"0":0,"1":0},"b":{}}
,"C:\\Users\\Ivaylo\\Desktop\\14.Workshop Advanced Techniques - Part 2\\games-play\\src\\hooks\\useForm.js": {"path":"C:\\Users\\Ivaylo\\Desktop\\14.Workshop Advanced Techniques - Part 2\\games-play\\src\\hooks\\useForm.js","statementMap":{"0":{"start":{"line":3,"column":23},"end":{"line":30,"column":1}},"1":{"start":{"line":4,"column":32},"end":{"line":4,"column":55}},"2":{"start":{"line":6,"column":26},"end":{"line":8,"column":5}},"3":{"start":{"line":7,"column":8},"end":{"line":7,"column":74}},"4":{"start":{"line":7,"column":28},"end":{"line":7,"column":71}},"5":{"start":{"line":10,"column":21},"end":{"line":16,"column":5}},"6":{"start":{"line":11,"column":8},"end":{"line":11,"column":27}},"7":{"start":{"line":13,"column":8},"end":{"line":13,"column":32}},"8":{"start":{"line":15,"column":8},"end":{"line":15,"column":33}},"9":{"start":{"line":18,"column":25},"end":{"line":22,"column":5}},"10":{"start":{"line":21,"column":8},"end":{"line":21,"column":29}},"11":{"start":{"line":24,"column":4},"end":{"line":29,"column":6}}},"fnMap":{"0":{"name":"(anonymous_0)","decl":{"start":{"line":3,"column":23},"end":{"line":3,"column":24}},"loc":{"start":{"line":3,"column":59},"end":{"line":30,"column":1}},"line":3},"1":{"name":"(anonymous_1)","decl":{"start":{"line":6,"column":26},"end":{"line":6,"column":27}},"loc":{"start":{"line":6,"column":33},"end":{"line":8,"column":5}},"line":6},"2":{"name":"(anonymous_2)","decl":{"start":{"line":7,"column":18},"end":{"line":7,"column":19}},"loc":{"start":{"line":7,"column":28},"end":{"line":7,"column":71}},"line":7},"3":{"name":"(anonymous_3)","decl":{"start":{"line":10,"column":21},"end":{"line":10,"column":22}},"loc":{"start":{"line":10,"column":28},"end":{"line":16,"column":5}},"line":10},"4":{"name":"(anonymous_4)","decl":{"start":{"line":18,"column":25},"end":{"line":18,"column":26}},"loc":{"start":{"line":18,"column":40},"end":{"line":22,"column":5}},"line":18}},"branchMap":{},"s":{"0":0,"1":0,"2":0,"3":0,"4":0,"5":0,"6":0,"7":0,"8":0,"9":0,"10":0,"11":0},"f":{"0":0,"1":0,"2":0,"3":0,"4":0},"b":{}}
,"C:\\Users\\Ivaylo\\Desktop\\14.Workshop Advanced Techniques - Part 2\\games-play\\src\\hooks\\useLocalStorage.js": {"path":"C:\\Users\\Ivaylo\\Desktop\\14.Workshop Advanced Techniques - Part 2\\games-play\\src\\hooks\\useLocalStorage.js","statementMap":{"0":{"start":{"line":3,"column":31},"end":{"line":26,"column":1}},"1":{"start":{"line":5,"column":30},"end":{"line":14,"column":6}},"2":{"start":{"line":6,"column":41},"end":{"line":6,"column":66}},"3":{"start":{"line":7,"column":8},"end":{"line":11,"column":9}},"4":{"start":{"line":8,"column":35},"end":{"line":8,"column":71}},"5":{"start":{"line":10,"column":11},"end":{"line":10,"column":33}},"6":{"start":{"line":13,"column":8},"end":{"line":13,"column":28}},"7":{"start":{"line":16,"column":33},"end":{"line":20,"column":5}},"8":{"start":{"line":17,"column":8},"end":{"line":17,"column":24}},"9":{"start":{"line":19,"column":8},"end":{"line":19,"column":57}},"10":{"start":{"line":22,"column":4},"end":{"line":25,"column":6}}},"fnMap":{"0":{"name":"(anonymous_0)","decl":{"start":{"line":3,"column":31},"end":{"line":3,"column":32}},"loc":{"start":{"line":3,"column":54},"end":{"line":26,"column":1}},"line":3},"1":{"name":"(anonymous_1)","decl":{"start":{"line":5,"column":39},"end":{"line":5,"column":40}},"loc":{"start":{"line":5,"column":45},"end":{"line":14,"column":5}},"line":5},"2":{"name":"(anonymous_2)","decl":{"start":{"line":16,"column":33},"end":{"line":16,"column":34}},"loc":{"start":{"line":16,"column":44},"end":{"line":20,"column":5}},"line":16}},"branchMap":{"0":{"loc":{"start":{"line":7,"column":8},"end":{"line":11,"column":9}},"type":"if","locations":[{"start":{"line":7,"column":8},"end":{"line":11,"column":9}},{"start":{},"end":{}}],"line":7}},"s":{"0":0,"1":0,"2":0,"3":0,"4":0,"5":0,"6":0,"7":0,"8":0,"9":0,"10":0},"f":{"0":0,"1":0,"2":0},"b":{"0":[0,0]}}
,"C:\\Users\\Ivaylo\\Desktop\\14.Workshop Advanced Techniques - Part 2\\games-play\\src\\hooks\\useService.js": {"path":"C:\\Users\\Ivaylo\\Desktop\\14.Workshop Advanced Techniques - Part 2\\games-play\\src\\hooks\\useService.js","statementMap":{"0":{"start":{"line":4,"column":26},"end":{"line":10,"column":1}},"1":{"start":{"line":5,"column":22},"end":{"line":5,"column":45}},"2":{"start":{"line":7,"column":20},"end":{"line":7,"column":41}},"3":{"start":{"line":9,"column":4},"end":{"line":9,"column":19}}},"fnMap":{"0":{"name":"(anonymous_0)","decl":{"start":{"line":4,"column":26},"end":{"line":4,"column":27}},"loc":{"start":{"line":4,"column":46},"end":{"line":10,"column":1}},"line":4}},"branchMap":{},"s":{"0":0,"1":0,"2":0,"3":0},"f":{"0":0},"b":{}}
,"C:\\Users\\Ivaylo\\Desktop\\14.Workshop Advanced Techniques - Part 2\\games-play\\src\\reducers\\gameReducer.js": {"path":"C:\\Users\\Ivaylo\\Desktop\\14.Workshop Advanced Techniques - Part 2\\games-play\\src\\reducers\\gameReducer.js","statementMap":{"0":{"start":{"line":1,"column":27},"end":{"line":22,"column":1}},"1":{"start":{"line":2,"column":4},"end":{"line":21,"column":5}},"2":{"start":{"line":5,"column":12},"end":{"line":5,"column":41}},"3":{"start":{"line":7,"column":12},"end":{"line":18,"column":13}},"4":{"start":{"line":20,"column":12},"end":{"line":20,"column":25}}},"fnMap":{"0":{"name":"(anonymous_0)","decl":{"start":{"line":1,"column":27},"end":{"line":1,"column":28}},"loc":{"start":{"line":1,"column":46},"end":{"line":22,"column":1}},"line":1}},"branchMap":{"0":{"loc":{"start":{"line":2,"column":4},"end":{"line":21,"column":5}},"type":"switch","locations":[{"start":{"line":3,"column":8},"end":{"line":5,"column":41}},{"start":{"line":6,"column":8},"end":{"line":18,"column":13}},{"start":{"line":19,"column":8},"end":{"line":20,"column":25}}],"line":2}},"s":{"0":0,"1":0,"2":0,"3":0,"4":0},"f":{"0":0},"b":{"0":[0,0,0]}}
,"C:\\Users\\Ivaylo\\Desktop\\14.Workshop Advanced Techniques - Part 2\\games-play\\src\\services\\authService.js": {"path":"C:\\Users\\Ivaylo\\Desktop\\14.Workshop Advanced Techniques - Part 2\\games-play\\src\\services\\authService.js","statementMap":{"0":{"start":{"line":3,"column":16},"end":{"line":3,"column":45}},"1":{"start":{"line":5,"column":34},"end":{"line":13,"column":1}},"2":{"start":{"line":6,"column":20},"end":{"line":6,"column":41}},"3":{"start":{"line":8,"column":4},"end":{"line":12,"column":5}},"4":{"start":{"line":9,"column":25},"end":{"line":9,"column":63}},"5":{"start":{"line":10,"column":28},"end":{"line":10,"column":69}},"6":{"start":{"line":11,"column":22},"end":{"line":11,"column":54}}},"fnMap":{"0":{"name":"(anonymous_0)","decl":{"start":{"line":5,"column":34},"end":{"line":5,"column":35}},"loc":{"start":{"line":5,"column":45},"end":{"line":13,"column":1}},"line":5},"1":{"name":"(anonymous_1)","decl":{"start":{"line":9,"column":15},"end":{"line":9,"column":16}},"loc":{"start":{"line":9,"column":25},"end":{"line":9,"column":63}},"line":9},"2":{"name":"(anonymous_2)","decl":{"start":{"line":10,"column":18},"end":{"line":10,"column":19}},"loc":{"start":{"line":10,"column":28},"end":{"line":10,"column":69}},"line":10},"3":{"name":"(anonymous_3)","decl":{"start":{"line":11,"column":16},"end":{"line":11,"column":17}},"loc":{"start":{"line":11,"column":22},"end":{"line":11,"column":54}},"line":11}},"branchMap":{},"s":{"0":0,"1":0,"2":0,"3":0,"4":0,"5":0,"6":0},"f":{"0":0,"1":0,"2":0,"3":0},"b":{}}
,"C:\\Users\\Ivaylo\\Desktop\\14.Workshop Advanced Techniques - Part 2\\games-play\\src\\services\\commentService.js": {"path":"C:\\Users\\Ivaylo\\Desktop\\14.Workshop Advanced Techniques - Part 2\\games-play\\src\\services\\commentService.js","statementMap":{"0":{"start":{"line":3,"column":16},"end":{"line":3,"column":53}},"1":{"start":{"line":4,"column":16},"end":{"line":4,"column":32}},"2":{"start":{"line":6,"column":22},"end":{"line":14,"column":1}},"3":{"start":{"line":7,"column":24},"end":{"line":7,"column":64}},"4":{"start":{"line":8,"column":26},"end":{"line":8,"column":69}},"5":{"start":{"line":10,"column":19},"end":{"line":10,"column":93}},"6":{"start":{"line":11,"column":21},"end":{"line":11,"column":42}},"7":{"start":{"line":13,"column":4},"end":{"line":13,"column":20}},"8":{"start":{"line":16,"column":22},"end":{"line":20,"column":1}},"9":{"start":{"line":17,"column":19},"end":{"line":17,"column":67}},"10":{"start":{"line":19,"column":4},"end":{"line":19,"column":18}}},"fnMap":{"0":{"name":"(anonymous_0)","decl":{"start":{"line":6,"column":22},"end":{"line":6,"column":23}},"loc":{"start":{"line":6,"column":40},"end":{"line":14,"column":1}},"line":6},"1":{"name":"(anonymous_1)","decl":{"start":{"line":16,"column":22},"end":{"line":16,"column":23}},"loc":{"start":{"line":16,"column":49},"end":{"line":20,"column":1}},"line":16}},"branchMap":{},"s":{"0":0,"1":0,"2":0,"3":0,"4":0,"5":0,"6":0,"7":0,"8":0,"9":0,"10":0},"f":{"0":0,"1":0},"b":{}}
,"C:\\Users\\Ivaylo\\Desktop\\14.Workshop Advanced Techniques - Part 2\\games-play\\src\\services\\gameService.js": {"path":"C:\\Users\\Ivaylo\\Desktop\\14.Workshop Advanced Techniques - Part 2\\games-play\\src\\services\\gameService.js","statementMap":{"0":{"start":{"line":3,"column":16},"end":{"line":3,"column":50}},"1":{"start":{"line":5,"column":34},"end":{"line":41,"column":1}},"2":{"start":{"line":6,"column":20},"end":{"line":6,"column":41}},"3":{"start":{"line":8,"column":19},"end":{"line":13,"column":5}},"4":{"start":{"line":9,"column":23},"end":{"line":9,"column":49}},"5":{"start":{"line":10,"column":22},"end":{"line":10,"column":43}},"6":{"start":{"line":12,"column":8},"end":{"line":12,"column":21}},"7":{"start":{"line":15,"column":19},"end":{"line":19,"column":5}},"8":{"start":{"line":16,"column":23},"end":{"line":16,"column":64}},"9":{"start":{"line":18,"column":8},"end":{"line":18,"column":22}},"10":{"start":{"line":21,"column":19},"end":{"line":27,"column":5}},"11":{"start":{"line":22,"column":23},"end":{"line":22,"column":60}},"12":{"start":{"line":24,"column":8},"end":{"line":24,"column":28}},"13":{"start":{"line":26,"column":8},"end":{"line":26,"column":22}},"14":{"start":{"line":29,"column":17},"end":{"line":29,"column":76}},"15":{"start":{"line":29,"column":35},"end":{"line":29,"column":76}},"16":{"start":{"line":31,"column":23},"end":{"line":31,"column":73}},"17":{"start":{"line":31,"column":35},"end":{"line":31,"column":73}},"18":{"start":{"line":34,"column":4},"end":{"line":40,"column":6}}},"fnMap":{"0":{"name":"(anonymous_0)","decl":{"start":{"line":5,"column":34},"end":{"line":5,"column":35}},"loc":{"start":{"line":5,"column":45},"end":{"line":41,"column":1}},"line":5},"1":{"name":"(anonymous_1)","decl":{"start":{"line":8,"column":19},"end":{"line":8,"column":20}},"loc":{"start":{"line":8,"column":31},"end":{"line":13,"column":5}},"line":8},"2":{"name":"(anonymous_2)","decl":{"start":{"line":15,"column":19},"end":{"line":15,"column":20}},"loc":{"start":{"line":15,"column":37},"end":{"line":19,"column":5}},"line":15},"3":{"name":"(anonymous_3)","decl":{"start":{"line":21,"column":19},"end":{"line":21,"column":20}},"loc":{"start":{"line":21,"column":39},"end":{"line":27,"column":5}},"line":21},"4":{"name":"(anonymous_4)","decl":{"start":{"line":29,"column":17},"end":{"line":29,"column":18}},"loc":{"start":{"line":29,"column":35},"end":{"line":29,"column":76}},"line":29},"5":{"name":"(anonymous_5)","decl":{"start":{"line":31,"column":23},"end":{"line":31,"column":24}},"loc":{"start":{"line":31,"column":35},"end":{"line":31,"column":73}},"line":31}},"branchMap":{},"s":{"0":0,"1":0,"2":0,"3":0,"4":0,"5":0,"6":0,"7":0,"8":0,"9":0,"10":0,"11":0,"12":0,"13":0,"14":0,"15":0,"16":0,"17":0,"18":0},"f":{"0":0,"1":0,"2":0,"3":0,"4":0,"5":0},"b":{}}
,"C:\\Users\\Ivaylo\\Desktop\\14.Workshop Advanced Techniques - Part 2\\games-play\\src\\services\\requester.js": {"path":"C:\\Users\\Ivaylo\\Desktop\\14.Workshop Advanced Techniques - Part 2\\games-play\\src\\services\\requester.js","statementMap":{"0":{"start":{"line":1,"column":18},"end":{"line":41,"column":1}},"1":{"start":{"line":2,"column":20},"end":{"line":2,"column":22}},"2":{"start":{"line":4,"column":4},"end":{"line":14,"column":5}},"3":{"start":{"line":5,"column":8},"end":{"line":5,"column":32}},"4":{"start":{"line":7,"column":8},"end":{"line":13,"column":9}},"5":{"start":{"line":8,"column":12},"end":{"line":10,"column":14}},"6":{"start":{"line":12,"column":12},"end":{"line":12,"column":48}},"7":{"start":{"line":16,"column":27},"end":{"line":16,"column":55}},"8":{"start":{"line":17,"column":4},"end":{"line":26,"column":5}},"9":{"start":{"line":18,"column":21},"end":{"line":18,"column":47}},"10":{"start":{"line":20,"column":8},"end":{"line":25,"column":9}},"11":{"start":{"line":21,"column":12},"end":{"line":24,"column":14}},"12":{"start":{"line":28,"column":21},"end":{"line":28,"column":46}},"13":{"start":{"line":30,"column":4},"end":{"line":32,"column":5}},"14":{"start":{"line":31,"column":8},"end":{"line":31,"column":18}},"15":{"start":{"line":34,"column":19},"end":{"line":34,"column":40}},"16":{"start":{"line":36,"column":4},"end":{"line":38,"column":5}},"17":{"start":{"line":37,"column":8},"end":{"line":37,"column":21}},"18":{"start":{"line":40,"column":4},"end":{"line":40,"column":18}},"19":{"start":{"line":43,"column":30},"end":{"line":51,"column":1}},"20":{"start":{"line":44,"column":4},"end":{"line":50,"column":5}}},"fnMap":{"0":{"name":"(anonymous_0)","decl":{"start":{"line":1,"column":18},"end":{"line":1,"column":19}},"loc":{"start":{"line":1,"column":47},"end":{"line":41,"column":1}},"line":1},"1":{"name":"(anonymous_1)","decl":{"start":{"line":43,"column":30},"end":{"line":43,"column":31}},"loc":{"start":{"line":43,"column":36},"end":{"line":51,"column":1}},"line":43}},"branchMap":{"0":{"loc":{"start":{"line":4,"column":4},"end":{"line":14,"column":5}},"type":"if","locations":[{"start":{"line":4,"column":4},"end":{"line":14,"column":5}},{"start":{},"end":{}}],"line":4},"1":{"loc":{"start":{"line":7,"column":8},"end":{"line":13,"column":9}},"type":"if","locations":[{"start":{"line":7,"column":8},"end":{"line":13,"column":9}},{"start":{},"end":{}}],"line":7},"2":{"loc":{"start":{"line":17,"column":4},"end":{"line":26,"column":5}},"type":"if","locations":[{"start":{"line":17,"column":4},"end":{"line":26,"column":5}},{"start":{},"end":{}}],"line":17},"3":{"loc":{"start":{"line":20,"column":8},"end":{"line":25,"column":9}},"type":"if","locations":[{"start":{"line":20,"column":8},"end":{"line":25,"column":9}},{"start":{},"end":{}}],"line":20},"4":{"loc":{"start":{"line":30,"column":4},"end":{"line":32,"column":5}},"type":"if","locations":[{"start":{"line":30,"column":4},"end":{"line":32,"column":5}},{"start":{},"end":{}}],"line":30},"5":{"loc":{"start":{"line":36,"column":4},"end":{"line":38,"column":5}},"type":"if","locations":[{"start":{"line":36,"column":4},"end":{"line":38,"column":5}},{"start":{},"end":{}}],"line":36}},"s":{"0":0,"1":0,"2":0,"3":0,"4":0,"5":0,"6":0,"7":0,"8":0,"9":0,"10":0,"11":0,"12":0,"13":0,"14":0,"15":0,"16":0,"17":0,"18":0,"19":0,"20":0},"f":{"0":0,"1":0},"b":{"0":[0,0],"1":[0,0],"2":[0,0],"3":[0,0],"4":[0,0],"5":[0,0]}}
,"C:\\Users\\Ivaylo\\Desktop\\14.Workshop Advanced Techniques - Part 2\\games-play\\src\\utils\\calculator.js": {"path":"C:\\Users\\Ivaylo\\Desktop\\14.Workshop Advanced Techniques - Part 2\\games-play\\src\\utils\\calculator.js","statementMap":{"0":{"start":{"line":1,"column":12},"end":{"line":1,"column":27}},"1":{"start":{"line":1,"column":22},"end":{"line":1,"column":27}},"2":{"start":{"line":2,"column":17},"end":{"line":2,"column":32}},"3":{"start":{"line":2,"column":27},"end":{"line":2,"column":32}},"4":{"start":{"line":4,"column":26},"end":{"line":7,"column":1}}},"fnMap":{"0":{"name":"(anonymous_0)","decl":{"start":{"line":1,"column":12},"end":{"line":1,"column":13}},"loc":{"start":{"line":1,"column":22},"end":{"line":1,"column":27}},"line":1},"1":{"name":"(anonymous_1)","decl":{"start":{"line":2,"column":17},"end":{"line":2,"column":18}},"loc":{"start":{"line":2,"column":27},"end":{"line":2,"column":32}},"line":2}},"branchMap":{},"s":{"0":1,"1":2,"2":1,"3":0,"4":1},"f":{"0":2,"1":0},"b":{},"_coverageSchema":"1a1c01bbd47fc00a2c39e90264f33305004495a9","hash":"f7b02b70d3d0c137c00fd1eda9be7ce62a67a16f"}
}
